INFO:root:[0.11211211], [11.08645951]
INFO:root:[0.11211211], [11.08645951]
INFO:root:[0.55455455], [55.42272285]
INFO:root:[0.11211211], [11.08645951]
INFO:root:[0.55455455], [55.42272285]
INFO:root:[0.6036036], [60.43788185]
INFO:root:[0.11211211], [11.08645951]
INFO:root:[0.55455455], [55.42272285]
INFO:root:[0.6036036], [60.43788185]
INFO:root:1.0, 99.98508679492774
INFO:root:[0.11211211], [11.08645951]
INFO:root:[0.55455455], [55.42272285]
INFO:root:[0.6036036], [60.43788185]
INFO:root:[1.], [99.98508679]
INFO:root:0.0, -0.03162307993067834
INFO:root:[0.11211211], [11.08645951]
INFO:root:[0.55455455], [55.42272285]
INFO:root:[0.6036036], [60.43788185]
INFO:root:[1.], [99.98508679]
INFO:root:[0.], [-0.03162308]
INFO:root:0.8828828828828829, 88.06694250889315
INFO:root:[0.11211211], [11.08645951]
INFO:root:[0.55455455], [55.42272285]
INFO:root:[0.6036036], [60.43788185]
INFO:root:[1.], [99.98508679]
INFO:root:[0.], [-0.03162308]
INFO:root:[0.88288288], [88.06694251]
