INFO:root:[0.44844845], [44.7058714]
INFO:root:[0.44844845], [44.7058714]
INFO:root:[0.11211211], [11.21928216]
INFO:root:[0.44844845], [44.7058714]
INFO:root:[0.11211211], [11.21928216]
INFO:root:[0.98298298], [98.29140002]
INFO:root:
INFO:root:[0.44844845], [44.7058714]
INFO:root:[0.11211211], [11.21928216]
INFO:root:[0.98298298], [98.29140002]
INFO:root:0.7157157157157157, 71.70268550971804
INFO:root:[0.44844845], [44.7058714]
INFO:root:[0.11211211], [11.21928216]
INFO:root:[0.98298298], [98.29140002]
INFO:root:[0.71571572], [71.70268551]
INFO:root:0.2802802802802803, 27.991787088620384
INFO:root:[0.44844845], [44.7058714]
INFO:root:[0.11211211], [11.21928216]
INFO:root:[0.98298298], [98.29140002]
INFO:root:[0.71571572], [71.70268551]
INFO:root:[0.28028028], [27.99178709]
INFO:root:0.0, 0.1220721649268014
INFO:root:[0.44844845], [44.7058714]
INFO:root:[0.11211211], [11.21928216]
INFO:root:[0.98298298], [98.29140002]
INFO:root:[0.71571572], [71.70268551]
INFO:root:[0.28028028], [27.99178709]
INFO:root:[0.], [0.12207216]
