INFO:root:[0.6036036], [60.44221656]
INFO:root:[0.6036036], [60.44221656]
INFO:root:[0.44844845], [44.7385736]
INFO:root:[0.6036036], [60.44221656]
INFO:root:[0.44844845], [44.7385736]
INFO:root:[0.98298298], [98.3604356]
INFO:root:[0.6036036], [60.44221656]
INFO:root:[0.44844845], [44.7385736]
INFO:root:[0.98298298], [98.3604356]
INFO:root:0.0, -0.06288709419371916
INFO:root:
INFO:root:[0.6036036], [60.44221656]
INFO:root:[0.44844845], [44.7385736]
INFO:root:[0.98298298], [98.3604356]
INFO:root:[0.], [-0.06288709]
INFO:root:0.15115115115115116, 15.165594943884164
INFO:root:
INFO:root:[0.6036036], [60.44221656]
INFO:root:[0.44844845], [44.7385736]
INFO:root:[0.98298298], [98.3604356]
INFO:root:[0.], [-0.06288709]
INFO:root:[0.15115115], [15.16559494]
INFO:root:0.8638638638638638, 86.50984865972038
INFO:root:
INFO:root:[0.6036036], [60.44221656]
INFO:root:[0.44844845], [44.7385736]
INFO:root:[0.98298298], [98.3604356]
INFO:root:[0.], [-0.06288709]
INFO:root:[0.15115115], [15.16559494]
INFO:root:[0.86386386], [86.50984866]
