INFO:root:[0.55455455], 2564.0
INFO:root:[0.55455455], [2564.]
INFO:root:[0.44844845], [1851.]
INFO:root:[0.55455455], [2564.]
INFO:root:[0.44844845], [1851.]
INFO:root:[0.11211211], [419.7]
INFO:root:[0.55455455], [2564.]
INFO:root:[0.44844845], [1851.]
INFO:root:[0.11211211], [419.7]
INFO:root:1.0, 5045.0
INFO:root:
INFO:root:[0.55455455], [2564.]
INFO:root:[0.44844845], [1851.]
INFO:root:[0.11211211], [419.7]
INFO:root:[1.], [5045.]
INFO:root:0.0, 14.06
INFO:root:
INFO:root:[0.55455455], [2564.]
INFO:root:[0.44844845], [1851.]
INFO:root:[0.11211211], [419.7]
INFO:root:[1.], [5045.]
INFO:root:[0.], [14.06]
INFO:root:0.8508508508508509, 4547.0
INFO:root:
INFO:root:[0.55455455], [2564.]
INFO:root:[0.44844845], [1851.]
INFO:root:[0.11211211], [419.7]
INFO:root:[1.], [5045.]
INFO:root:[0.], [14.06]
INFO:root:[0.85085085], [4547.]
